2024-03-12 18:46:13,321 INFO  [WrapperJarAppMain] Jetty9Server:220 - Configuring Jetty using /go-working-dir/config/jetty.xml
2024-03-12 18:46:13,345 INFO  [WrapperJarAppMain] GoServer:89 - Including addons: 
2024-03-12 18:46:13,345 WARN  [WrapperJarAppMain] Server:341 - ErrorPageMapper not supported for Server level Error Handling
2024-03-12 18:46:13,409 WARN  [WrapperJarAppMain] AbstractHandler:96 - No Server set for ResourceHandler@1654675d{STOPPED}
2024-03-12 18:46:15,511 INFO  [WrapperJarAppMain] H2Database:121 - [db] Using connection configuration jdbc:h2:/go-working-dir/db/h2db/cruise;DB_CLOSE_DELAY=-1;DB_CLOSE_ON_EXIT=FALSE;MVCC=FALSE;CACHE_SIZE=131072;TRACE_LEVEL_FILE=1;TRACE_MAX_FILE_SIZE=16;DATABASE_EVENT_LISTENER='com.thoughtworks.go.server.util.H2EventListener' [User: sa]
2024-03-12 18:46:15,511 INFO  [WrapperJarAppMain] H2Database:111 - Creating data source with url=jdbc:h2:/go-working-dir/db/h2db/cruise;DB_CLOSE_DELAY=-1;DB_CLOSE_ON_EXIT=FALSE;MVCC=FALSE;CACHE_SIZE=131072;TRACE_LEVEL_FILE=1;TRACE_MAX_FILE_SIZE=16;DATABASE_EVENT_LISTENER='com.thoughtworks.go.server.util.H2EventListener'
2024-03-12 18:46:15,512 INFO  [WrapperJarAppMain] DbDeployMigration:51 - Upgrading database at org.apache.commons.dbcp2.BasicDataSource@26f1f35e. This might take a while depending on the size of the database.
2024-03-12 18:46:15,513 INFO  [WrapperJarAppMain] DbDeployMigration:60 - ************************************************************************
2024-03-12 18:46:15,514 INFO  [WrapperJarAppMain] DbDeployMigration:60 - WARNING: Shutting down your server at this point will lead to a database corruption. Please wait until the database upgrade completes.
2024-03-12 18:46:15,514 INFO  [WrapperJarAppMain] DbDeployMigration:60 - ************************************************************************
2024-03-12 18:46:15,537 INFO  [WrapperJarAppMain] H2EventListener:31 - Initializing database: jdbc:h2:/go-working-dir/db/h2db/cruise
2024-03-12 18:46:15,640 INFO  [WrapperJarAppMain] H2EventListener:87 - Creating index SYS:SYS_ID 0%
2024-03-12 18:46:15,641 INFO  [WrapperJarAppMain] H2EventListener:87 - Creating index SYS:SYS_ID 5%
2024-03-12 18:46:15,661 INFO  [WrapperJarAppMain] H2EventListener:36 - Database is opened
2024-03-12 18:46:15,669 INFO  [WrapperJarAppMain] H2EventListener:31 - Initializing database: jdbc:h2:/go-working-dir/db/h2db/cruise
2024-03-12 18:46:15,704 INFO  [WrapperJarAppMain] H2EventListener:31 - Initializing database: jdbc:h2:/go-working-dir/db/h2db/cruise
2024-03-12 18:46:16,577 INFO  [WrapperJarAppMain] Migration_86:95 - migrating 0 rows
2024-03-12 18:46:16,832 INFO  [WrapperJarAppMain] DbDeployMigration:71 - Database upgrade completed.
2024-03-12 18:46:16,832 INFO  [WrapperJarAppMain] H2EventListener:82 - Closing database
2024-03-12 18:46:16,869 INFO  [WrapperJarAppMain] H2Database:121 - [db] Using connection configuration jdbc:h2:/go-working-dir/db/h2db/cruise;DB_CLOSE_DELAY=-1;DB_CLOSE_ON_EXIT=FALSE;MVCC=TRUE;CACHE_SIZE=131072;TRACE_LEVEL_FILE=1;TRACE_MAX_FILE_SIZE=16;DATABASE_EVENT_LISTENER='com.thoughtworks.go.server.util.H2EventListener' [User: sa]
2024-03-12 18:46:16,870 INFO  [WrapperJarAppMain] H2Database:111 - Creating data source with url=jdbc:h2:/go-working-dir/db/h2db/cruise;DB_CLOSE_DELAY=-1;DB_CLOSE_ON_EXIT=FALSE;MVCC=TRUE;CACHE_SIZE=131072;TRACE_LEVEL_FILE=1;TRACE_MAX_FILE_SIZE=16;DATABASE_EVENT_LISTENER='com.thoughtworks.go.server.util.H2EventListener'
2024-03-12 18:46:16,871 INFO  [WrapperJarAppMain] DataMigrationRunner:35 - Running data migrations...
2024-03-12 18:46:16,871 INFO  [WrapperJarAppMain] H2EventListener:31 - Initializing database: jdbc:h2:/go-working-dir/db/h2db/cruise
2024-03-12 18:46:16,914 INFO  [WrapperJarAppMain] H2EventListener:87 - Creating index SYS:SYS_ID 0%
2024-03-12 18:46:16,915 INFO  [WrapperJarAppMain] H2EventListener:87 - Creating index SYS:SYS_ID 0%
2024-03-12 18:46:16,928 INFO  [WrapperJarAppMain] H2EventListener:36 - Database is opened
2024-03-12 18:46:16,929 INFO  [WrapperJarAppMain] H2EventListener:31 - Initializing database: jdbc:h2:/go-working-dir/db/h2db/cruise
2024-03-12 18:46:16,946 INFO  [WrapperJarAppMain] DataMigrationRunner:52 - Data migration took 0 ms
2024-03-12 18:46:16,947 INFO  [WrapperJarAppMain] DataMigrationRunner:52 - Data migration took 0 ms
2024-03-12 18:46:16,948 INFO  [WrapperJarAppMain] DataMigrationRunner:42 - Data migrations completed.
2024-03-12 18:46:17,508 WARN  [WrapperJarAppMain] ConfigurationFactory:136 - No configuration found. Configuring ehcache from ehcache-failsafe.xml  found in the classpath: jar:file:/go-working-dir/work/jetty-0_0_0_0-8153-cruise_war-_go-any-/webapp/WEB-INF/lib/ehcache-2.10.6.jar!/ehcache-failsafe.xml
2024-03-12 18:46:17,546 WARN  [WrapperJarAppMain] EhCacheProvider:93 - Could not find configuration [com.thoughtworks.go.domain.AccessToken]; using defaults.
2024-03-12 18:46:17,565 WARN  [WrapperJarAppMain] EhCacheProvider:93 - Could not find configuration [com.thoughtworks.go.domain.NotificationFilter]; using defaults.
2024-03-12 18:46:17,607 WARN  [WrapperJarAppMain] EhCacheProvider:93 - Could not find configuration [com.thoughtworks.go.domain.UsageStatisticsReporting]; using defaults.
2024-03-12 18:46:17,612 WARN  [WrapperJarAppMain] EhCacheProvider:93 - Could not find configuration [com.thoughtworks.go.domain.User]; using defaults.
2024-03-12 18:46:17,618 WARN  [WrapperJarAppMain] EhCacheProvider:93 - Could not find configuration [com.thoughtworks.go.server.domain.DataSharingSettings]; using defaults.
2024-03-12 18:46:17,640 WARN  [WrapperJarAppMain] EhCacheProvider:93 - Could not find configuration [com.thoughtworks.go.domain.Plugin]; using defaults.
2024-03-12 18:46:17,648 WARN  [WrapperJarAppMain] EhCacheProvider:93 - Could not find configuration [com.thoughtworks.go.domain.EnvironmentVariable]; using defaults.
2024-03-12 18:46:17,675 WARN  [WrapperJarAppMain] EhCacheProvider:93 - Could not find configuration [com.thoughtworks.go.domain.User.notificationFilters]; using defaults.
2024-03-12 18:46:17,702 WARN  [WrapperJarAppMain] EhCacheProvider:93 - Could not find configuration [org.hibernate.cache.UpdateTimestampsCache]; using defaults.
2024-03-12 18:46:17,705 WARN  [WrapperJarAppMain] EhCacheProvider:93 - Could not find configuration [org.hibernate.cache.StandardQueryCache]; using defaults.
2024-03-12 18:46:18,782 INFO  [WrapperJarAppMain] AESCipherProvider:61 - AES cipher not found. Creating a new cipher file
2024-03-12 18:46:19,987 WARN  [WrapperJarAppMain] FeatureToggleRepository:69 - Toggles file, /go-working-dir/config/go.feature.toggles does not exist. Saying there are no toggles.
2024-03-12 18:46:21,287 INFO  [Thread-78] DefaultPluginJarChangeListener:67 - Plugin load starting: /go-working-dir/plugins/bundled/gocd-ldap-authentication-plugin.jar
2024-03-12 18:46:21,290 INFO  [WrapperJarAppMain] GoConfigMigration:93 - Upgrading config file from version 110 to version 136
2024-03-12 18:46:21,497 WARN  [Thread-78] PluginSettingsMetadataLoader:63 - Failed to fetch plugin settings metadata for plugin cd.go.authentication.ldap. Maybe the plugin does not implement plugin settings and view?
2024-03-12 18:46:21,497 WARN  [Thread-78] PluginSettingsMetadataLoader:64 - Plugin: cd.go.authentication.ldap - Metadata load info: [{extension='authorization', configuration='null', view='null', error='The plugin sent a response that could not be understood by Go. Plugin returned with code '500' and the following response: 'This is an invalid request type :go.plugin-settings.get-configuration''}]
2024-03-12 18:46:21,498 WARN  [Thread-78] PluginSettingsMetadataLoader:65 - Not all plugins are required to implement the request above. This error may be safe to ignore.
2024-03-12 18:46:21,499 INFO  [Thread-78] DefaultPluginJarChangeListener:74 - Plugin load finished: /go-working-dir/plugins/bundled/gocd-ldap-authentication-plugin.jar
2024-03-12 18:46:21,503 INFO  [Thread-78] DefaultPluginJarChangeListener:67 - Plugin load starting: /go-working-dir/plugins/bundled/gocd-yum-repository-poller-plugin.jar
2024-03-12 18:46:21,608 WARN  [Thread-78] PluginSettingsMetadataLoader:63 - Failed to fetch plugin settings metadata for plugin yum. Maybe the plugin does not implement plugin settings and view?
2024-03-12 18:46:21,608 WARN  [Thread-78] PluginSettingsMetadataLoader:64 - Plugin: yum - Metadata load info: [{extension='package-repository', configuration='null', view='null', error='The plugin sent a response that could not be understood by Go. Plugin returned with code '400' and the following response: 'Invalid request name go.plugin-settings.get-configuration''}]
2024-03-12 18:46:21,609 WARN  [Thread-78] PluginSettingsMetadataLoader:65 - Not all plugins are required to implement the request above. This error may be safe to ignore.
2024-03-12 18:46:21,641 ERROR [Thread-78] PluginInfoBuilder:54 - Failed to fetch Plugin Settings metadata for plugin yum. Maybe the plugin does not implement plugin settings and view?
2024-03-12 18:46:21,646 INFO  [Thread-78] DefaultPluginJarChangeListener:74 - Plugin load finished: /go-working-dir/plugins/bundled/gocd-yum-repository-poller-plugin.jar
2024-03-12 18:46:21,650 INFO  [Thread-78] DefaultPluginJarChangeListener:67 - Plugin load starting: /go-working-dir/plugins/bundled/gocd-json-config-plugin.jar
2024-03-12 18:46:21,931 INFO  [WrapperJarAppMain] GoConfigMigration:101 - Finished upgrading config file
2024-03-12 18:46:21,931 INFO  [WrapperJarAppMain] GoConfigMigrator:106 - [Config Save] Starting Config Save post upgrade using FullConfigSaveNormalFlow
2024-03-12 18:46:22,125 WARN  [WrapperJarAppMain] ConfigRepository:195 - [CONFIG REPOSITORY] No head exists in the config repository.
2024-03-12 18:46:22,141 INFO  [Thread-78] DefaultPluginJarChangeListener:74 - Plugin load finished: /go-working-dir/plugins/bundled/gocd-json-config-plugin.jar
2024-03-12 18:46:22,150 INFO  [Thread-78] DefaultPluginJarChangeListener:67 - Plugin load starting: /go-working-dir/plugins/bundled/gocd-yaml-config-plugin.jar
2024-03-12 18:46:22,206 INFO  [WrapperJarAppMain] CachedGoConfig:222 - About to notify config listeners
2024-03-12 18:46:22,207 INFO  [WrapperJarAppMain] CachedGoConfig:230 - Finished notifying all listeners
2024-03-12 18:46:22,277 INFO  [WrapperJarAppMain] BuildAssignmentService:238 - [Configuration Changed] Removing jobs for pipelines that no longer exist in configuration.
2024-03-12 18:46:22,300 INFO  [WrapperJarAppMain] InvalidateAuthenticationOnSecurityConfigChangeFilter:78 - [Configuration Changed] Security Configuration is changed. Updating the last changed time.
2024-03-12 18:46:22,313 INFO  [WrapperJarAppMain] PipelineRepository:78 - Start updating pipeline timeline
2024-03-12 18:46:22,327 INFO  [WrapperJarAppMain] PipelineRepository:84 - Pipeline timeline updated
2024-03-12 18:46:22,328 INFO  [WrapperJarAppMain] PipelineSqlMapDao:135 - Loading active pipelines into memory.
2024-03-12 18:46:22,328 INFO  [WrapperJarAppMain] PipelineSqlMapDao:402 - Retriving Active Pipelines from Database...
2024-03-12 18:46:22,330 INFO  [WrapperJarAppMain] PipelineSqlMapDao:137 - Done loading active pipelines into memory.
2024-03-12 18:46:22,371 INFO  [WrapperJarAppMain] ConsoleActivityMonitor:67 - Found '0' building jobs. Added them with '2024-03-12T18:46:22.348Z' as the last heard time
2024-03-12 18:46:22,383 INFO  [WrapperJarAppMain] RailsAssetsService:68 - Found rails assets manifest file named .sprockets-manifest-a6a76f03ec4cd8f2081b9b93ba428cec.json 
2024-03-12 18:46:22,390 INFO  [WrapperJarAppMain] RailsAssetsService:72 - Successfully read rails assets manifest file located at /go-working-dir/work/jetty-0_0_0_0-8153-cruise_war-_go-any-/webapp/WEB-INF/rails/public/assets/.sprockets-manifest-a6a76f03ec4cd8f2081b9b93ba428cec.json
2024-03-12 18:46:22,628 INFO  [Thread-78] DefaultPluginJarChangeListener:74 - Plugin load finished: /go-working-dir/plugins/bundled/gocd-yaml-config-plugin.jar
2024-03-12 18:46:22,633 INFO  [Thread-78] DefaultPluginJarChangeListener:67 - Plugin load starting: /go-working-dir/plugins/bundled/gocd-file-based-secrets-plugin.jar
2024-03-12 18:46:22,666 ERROR [Thread-78] DefaultPluginManager:136 - This is an invalid request type :go.plugin-settings.get-configuration
2024-03-12 18:46:22,666 WARN  [Thread-78] PluginSettingsMetadataLoader:63 - Failed to fetch plugin settings metadata for plugin cd.go.secrets.file-based-plugin. Maybe the plugin does not implement plugin settings and view?
2024-03-12 18:46:22,666 WARN  [Thread-78] PluginSettingsMetadataLoader:64 - Plugin: cd.go.secrets.file-based-plugin - Metadata load info: [{extension='secrets', configuration='null', view='null', error='com.thoughtworks.go.plugin.api.exceptions.UnhandledRequestTypeException: This is an invalid request type :go.plugin-settings.get-configuration'}]
2024-03-12 18:46:22,666 WARN  [Thread-78] PluginSettingsMetadataLoader:65 - Not all plugins are required to implement the request above. This error may be safe to ignore.
2024-03-12 18:46:22,702 INFO  [Thread-78] DefaultPluginJarChangeListener:74 - Plugin load finished: /go-working-dir/plugins/bundled/gocd-file-based-secrets-plugin.jar
2024-03-12 18:46:22,706 INFO  [Thread-78] DefaultPluginJarChangeListener:67 - Plugin load starting: /go-working-dir/plugins/bundled/gocd-filebased-authentication-plugin.jar
2024-03-12 18:46:22,767 WARN  [Thread-78] PluginSettingsMetadataLoader:63 - Failed to fetch plugin settings metadata for plugin cd.go.authentication.passwordfile. Maybe the plugin does not implement plugin settings and view?
2024-03-12 18:46:22,768 WARN  [Thread-78] PluginSettingsMetadataLoader:64 - Plugin: cd.go.authentication.passwordfile - Metadata load info: [{extension='authorization', configuration='null', view='null', error='The plugin sent a response that could not be understood by Go. Plugin returned with code '500' and the following response: 'Request go.plugin-settings.get-configuration is not supported by plugin.''}]
2024-03-12 18:46:22,768 WARN  [Thread-78] PluginSettingsMetadataLoader:65 - Not all plugins are required to implement the request above. This error may be safe to ignore.
2024-03-12 18:46:22,768 INFO  [Thread-78] DefaultPluginJarChangeListener:74 - Plugin load finished: /go-working-dir/plugins/bundled/gocd-filebased-authentication-plugin.jar
2024-03-12 18:46:30,020 WARN  [WrapperJarAppMain] DeprecationWarning:43 - Using @Deprecated Class com.thoughtworks.go.server.web.DefaultHeadersFilter
2024-03-12 18:46:35,619 INFO  [ThreadPoolTaskScheduler-4] GoFileConfigDataSource:137 - Config file changed at 1710269182187
2024-03-12 18:46:35,619 INFO  [ThreadPoolTaskScheduler-4] GoFileConfigDataSource:138 - Reloading config file: config/cruise-config.xml
2024-03-12 18:46:35,630 INFO  [ThreadPoolTaskScheduler-4] CachedGoConfig:222 - About to notify config listeners
2024-03-12 18:46:35,633 INFO  [ThreadPoolTaskScheduler-4] BuildAssignmentService:238 - [Configuration Changed] Removing jobs for pipelines that no longer exist in configuration.
2024-03-12 18:46:35,633 INFO  [ThreadPoolTaskScheduler-4] CachedGoConfig:230 - Finished notifying all listeners
2024-03-12 18:47:21,331 INFO  [qtp1417842416-35] BuildRepositoryRemoteImpl:122 - [Agent Cookie] Agent [Agent [8e37088f9e8b, 172.28.0.2, 52767143-766f-4884-8519-3cb5718ed975]] at location [/go] asked for a new cookie, assigned [396549e2-64ba-4822-976d-f1338a733ef3]
2024-03-12 18:48:05,220 ERROR [qtp1417842416-43] VariableReplacer:385 - function ${escape:} type 'escape:' not a valid type
2024-03-12 18:48:05,228 INFO  [qtp1417842416-43] GoConfigDao:87 - Config update for entity request by com.thoughtworks.go.server.domain.Username@748eab6c[displayName=anonymous,username=anonymous] is in queue - com.thoughtworks.go.config.update.CreatePipelineConfigCommand@675fd4d3
2024-03-12 18:48:05,231 INFO  [qtp1417842416-43] GoConfigDao:90 - Config update for entity request by com.thoughtworks.go.server.domain.Username@748eab6c[displayName=anonymous,username=anonymous] is being processed
2024-03-12 18:48:05,247 INFO  [qtp1417842416-43] GoFileConfigDataSource:274 - [Configuration Changed] Saving updated configuration.
2024-03-12 18:48:05,258 INFO  [qtp1417842416-43] MagicalGoConfigXmlWriter:85 - [Serializing Config] Generating config partial.
2024-03-12 18:48:05,269 INFO  [qtp1417842416-43] CachedGoConfig:166 - About to notify com.thoughtworks.go.config.PipelineConfig config listeners
2024-03-12 18:48:05,273 INFO  [qtp1417842416-43] BuildAssignmentService:118 - [Configuration Changed] Removing deleted jobs for pipeline go-gocd-demo.
2024-03-12 18:48:05,276 INFO  [qtp1417842416-43] CachedGoConfig:180 - Finished notifying com.thoughtworks.go.config.PipelineConfig config listeners
2024-03-12 18:48:05,276 INFO  [qtp1417842416-43] GoConfigDao:100 - Entity update for request by com.thoughtworks.go.server.domain.Username@748eab6c[displayName=anonymous,username=anonymous] is completed
2024-03-12 18:48:05,277 INFO  [Dashboard-Queue-Processor] H2EventListener:31 - Initializing database: jdbc:h2:/go-working-dir/db/h2db/cruise
2024-03-12 18:48:05,301 INFO  [qtp1417842416-34] PipelineTriggerService:43 - [Pipeline Schedule] [Requested] Manual trigger of pipeline 'go-gocd-demo' requested by anonymous
2024-03-12 18:48:05,302 INFO  [qtp1417842416-34] PipelineTriggerService:46 - [Pipeline Schedule] [Accepted] Manual trigger of pipeline 'go-gocd-demo' accepted for user anonymous
2024-03-12 18:48:05,313 INFO  [qtp1417842416-34] PipelineTriggerService:48 - [Pipeline Schedule] [Processed] Manual trigger of pipeline 'go-gocd-demo' processed with result 'com.thoughtworks.go.serverhealth.ServerHealthState@783d5b8a[healthStateLevel=OK,type=<HealthStateType ARTIFACTS_DISK_FULL LogScope[GLOBAL, scope=GLOBAL]>,message=,description=,expiryTime=<null>,timestamp=Tue Mar 12 18:48:05 GMT 2024]'
2024-03-12 18:48:05,723 INFO  [qtp1417842416-25] ServerVersionInfoManager:71 - [Go Update Check] Starting update check at: Tue Mar 12 18:48:05 GMT 2024
2024-03-12 18:48:06,420 ERROR [qtp1417842416-34] Rails:-2 -   
2024-03-12 18:48:06,420 ERROR [qtp1417842416-34] Rails:-2 - Errno::ENOENT (No such file or directory - config/go_update_server.pub):
2024-03-12 18:48:06,421 ERROR [qtp1417842416-34] Rails:-2 -   
2024-03-12 18:48:06,421 ERROR [qtp1417842416-34] Rails:-2 - app/models/api_v1/go_latest_version.rb:42:in `signing_public_key_tampered?'
app/models/api_v1/go_latest_version.rb:28:in `valid?'
app/controllers/api_v1/version_infos_controller.rb:23:in `update_server'
2024-03-12 18:48:08,762 INFO  [125@MessageListener for MaterialUpdateListener] ScmMaterialUpdater:60 - [Material Update] Found '1' modifications for material 'GitMaterial{url=https://github.com/L0G1C06/gocd_study, branch='main', submoduleFolder='null', shallowClone=false}' with flyweight 'c9d10db48663b508409c377dbef7ba3ad91c28c3905370863387105865b36947' using working directory '/go-working-dir/pipelines/flyweight/f647cab2-5df6-4e94-8361-50c7d1affa18'
2024-03-12 18:48:09,638 INFO  [ThreadPoolTaskScheduler-7] ScheduleService:160 - [Pipeline Schedule] Scheduling pipeline go-gocd-demo with build cause [ManualForcedBuildCause: Forced by anonymous]
2024-03-12 18:48:09,650 INFO  [ThreadPoolTaskScheduler-7] PipelineRepository:78 - Start updating pipeline timeline
2024-03-12 18:48:09,656 INFO  [ThreadPoolTaskScheduler-7] PipelineRepository:84 - Pipeline timeline updated
2024-03-12 18:48:11,403 INFO  [109@MessageListener for WorkFinder] BuildAssignmentService:186 - [Agent Assignment] Assigned job [JobIdentifier[go-gocd-demo, 1, 1, test, 1, run-test, 1]] to agent [Agent [8e37088f9e8b, 172.28.0.2, 52767143-766f-4884-8519-3cb5718ed975]]
2024-03-12 18:48:21,460 INFO  [qtp1417842416-36] BuildRepositoryRemoteImpl:96 - [Agent [8e37088f9e8b, 172.28.0.2, 52767143-766f-4884-8519-3cb5718ed975, 396549e2-64ba-4822-976d-f1338a733ef3]] is reporting status [Preparing] for [Build [go-gocd-demo/1/test/1/run-test/1]]
2024-03-12 18:48:25,910 INFO  [qtp1417842416-35] BuildRepositoryRemoteImpl:96 - [Agent [8e37088f9e8b, 172.28.0.2, 52767143-766f-4884-8519-3cb5718ed975, 396549e2-64ba-4822-976d-f1338a733ef3]] is reporting status [Building] for [Build [go-gocd-demo/1/test/1/run-test/1]]
2024-03-12 18:48:26,167 INFO  [qtp1417842416-31] BuildRepositoryRemoteImpl:96 - [Agent [8e37088f9e8b, 172.28.0.2, 52767143-766f-4884-8519-3cb5718ed975, 396549e2-64ba-4822-976d-f1338a733ef3]] is reporting result [Passed] for [Build [go-gocd-demo/1/test/1/run-test/1]]
2024-03-12 18:48:26,181 INFO  [qtp1417842416-42] BuildRepositoryRemoteImpl:96 - [Agent [8e37088f9e8b, 172.28.0.2, 52767143-766f-4884-8519-3cb5718ed975, 396549e2-64ba-4822-976d-f1338a733ef3]] is reporting status [Completing] for [Build [go-gocd-demo/1/test/1/run-test/1]]
2024-03-12 18:48:26,194 INFO  [qtp1417842416-38] BuildRepositoryRemoteImpl:96 - [Agent [8e37088f9e8b, 172.28.0.2, 52767143-766f-4884-8519-3cb5718ed975, 396549e2-64ba-4822-976d-f1338a733ef3]] is reporting status and result [Completed, Passed] for [Build [go-gocd-demo/1/test/1/run-test/1]]
2024-03-12 18:48:26,202 INFO  [qtp1417842416-38] Stage:234 - Stage is being completed by transition id: 6
2024-03-12 18:51:12,229 INFO  [WrapperJarAppMain] Jetty9Server:220 - Configuring Jetty using /go-working-dir/config/jetty.xml
2024-03-12 18:51:12,260 INFO  [WrapperJarAppMain] GoServer:89 - Including addons: 
2024-03-12 18:51:12,260 WARN  [WrapperJarAppMain] Server:341 - ErrorPageMapper not supported for Server level Error Handling
2024-03-12 18:51:12,337 WARN  [WrapperJarAppMain] AbstractHandler:96 - No Server set for ResourceHandler@5f5b32e2{STOPPED}
2024-03-12 18:51:14,437 INFO  [WrapperJarAppMain] H2Database:121 - [db] Using connection configuration jdbc:h2:/go-working-dir/db/h2db/cruise;DB_CLOSE_DELAY=-1;DB_CLOSE_ON_EXIT=FALSE;MVCC=FALSE;CACHE_SIZE=131072;TRACE_LEVEL_FILE=1;TRACE_MAX_FILE_SIZE=16;DATABASE_EVENT_LISTENER='com.thoughtworks.go.server.util.H2EventListener' [User: sa]
2024-03-12 18:51:14,437 INFO  [WrapperJarAppMain] H2Database:111 - Creating data source with url=jdbc:h2:/go-working-dir/db/h2db/cruise;DB_CLOSE_DELAY=-1;DB_CLOSE_ON_EXIT=FALSE;MVCC=FALSE;CACHE_SIZE=131072;TRACE_LEVEL_FILE=1;TRACE_MAX_FILE_SIZE=16;DATABASE_EVENT_LISTENER='com.thoughtworks.go.server.util.H2EventListener'
2024-03-12 18:51:14,438 INFO  [WrapperJarAppMain] DbDeployMigration:51 - Upgrading database at org.apache.commons.dbcp2.BasicDataSource@1121f56f. This might take a while depending on the size of the database.
2024-03-12 18:51:14,439 INFO  [WrapperJarAppMain] DbDeployMigration:60 - ************************************************************************
2024-03-12 18:51:14,440 INFO  [WrapperJarAppMain] DbDeployMigration:60 - WARNING: Shutting down your server at this point will lead to a database corruption. Please wait until the database upgrade completes.
2024-03-12 18:51:14,440 INFO  [WrapperJarAppMain] DbDeployMigration:60 - ************************************************************************
2024-03-12 18:51:14,465 INFO  [WrapperJarAppMain] H2EventListener:31 - Initializing database: jdbc:h2:/go-working-dir/db/h2db/cruise
2024-03-12 18:51:16,591 INFO  [WrapperJarAppMain] H2EventListener:87 - Creating index SYS:SYS_ID 0%
2024-03-12 18:51:16,591 INFO  [WrapperJarAppMain] H2EventListener:87 - Creating index SYS:SYS_ID 0%
2024-03-12 18:51:16,632 INFO  [WrapperJarAppMain] H2EventListener:36 - Database is opened
2024-03-12 18:51:16,640 INFO  [WrapperJarAppMain] H2EventListener:31 - Initializing database: jdbc:h2:/go-working-dir/db/h2db/cruise
2024-03-12 18:51:16,650 INFO  [WrapperJarAppMain] H2EventListener:31 - Initializing database: jdbc:h2:/go-working-dir/db/h2db/cruise
2024-03-12 18:51:16,651 INFO  [WrapperJarAppMain] DbDeployMigration:71 - Database upgrade completed.
2024-03-12 18:51:16,652 INFO  [WrapperJarAppMain] H2EventListener:82 - Closing database
2024-03-12 18:51:16,666 INFO  [WrapperJarAppMain] H2Database:121 - [db] Using connection configuration jdbc:h2:/go-working-dir/db/h2db/cruise;DB_CLOSE_DELAY=-1;DB_CLOSE_ON_EXIT=FALSE;MVCC=TRUE;CACHE_SIZE=131072;TRACE_LEVEL_FILE=1;TRACE_MAX_FILE_SIZE=16;DATABASE_EVENT_LISTENER='com.thoughtworks.go.server.util.H2EventListener' [User: sa]
2024-03-12 18:51:16,667 INFO  [WrapperJarAppMain] H2Database:111 - Creating data source with url=jdbc:h2:/go-working-dir/db/h2db/cruise;DB_CLOSE_DELAY=-1;DB_CLOSE_ON_EXIT=FALSE;MVCC=TRUE;CACHE_SIZE=131072;TRACE_LEVEL_FILE=1;TRACE_MAX_FILE_SIZE=16;DATABASE_EVENT_LISTENER='com.thoughtworks.go.server.util.H2EventListener'
2024-03-12 18:51:16,667 INFO  [WrapperJarAppMain] DataMigrationRunner:35 - Running data migrations...
2024-03-12 18:51:16,668 INFO  [WrapperJarAppMain] H2EventListener:31 - Initializing database: jdbc:h2:/go-working-dir/db/h2db/cruise
2024-03-12 18:51:16,708 INFO  [WrapperJarAppMain] H2EventListener:87 - Creating index SYS:SYS_ID 0%
2024-03-12 18:51:16,709 INFO  [WrapperJarAppMain] H2EventListener:87 - Creating index SYS:SYS_ID 0%
2024-03-12 18:51:16,729 INFO  [WrapperJarAppMain] H2EventListener:36 - Database is opened
2024-03-12 18:51:16,732 INFO  [WrapperJarAppMain] H2EventListener:31 - Initializing database: jdbc:h2:/go-working-dir/db/h2db/cruise
2024-03-12 18:51:16,760 INFO  [WrapperJarAppMain] DataMigrationRunner:52 - Data migration took 1 ms
2024-03-12 18:51:16,762 INFO  [WrapperJarAppMain] DataMigrationRunner:52 - Data migration took 0 ms
2024-03-12 18:51:16,763 INFO  [WrapperJarAppMain] DataMigrationRunner:42 - Data migrations completed.
2024-03-12 18:51:17,297 WARN  [WrapperJarAppMain] ConfigurationFactory:136 - No configuration found. Configuring ehcache from ehcache-failsafe.xml  found in the classpath: jar:file:/go-working-dir/work/jetty-0_0_0_0-8153-cruise_war-_go-any-/webapp/WEB-INF/lib/ehcache-2.10.6.jar!/ehcache-failsafe.xml
2024-03-12 18:51:17,346 WARN  [WrapperJarAppMain] EhCacheProvider:93 - Could not find configuration [com.thoughtworks.go.domain.AccessToken]; using defaults.
2024-03-12 18:51:17,362 WARN  [WrapperJarAppMain] EhCacheProvider:93 - Could not find configuration [com.thoughtworks.go.domain.NotificationFilter]; using defaults.
2024-03-12 18:51:17,394 WARN  [WrapperJarAppMain] EhCacheProvider:93 - Could not find configuration [com.thoughtworks.go.domain.UsageStatisticsReporting]; using defaults.
2024-03-12 18:51:17,397 WARN  [WrapperJarAppMain] EhCacheProvider:93 - Could not find configuration [com.thoughtworks.go.domain.User]; using defaults.
2024-03-12 18:51:17,402 WARN  [WrapperJarAppMain] EhCacheProvider:93 - Could not find configuration [com.thoughtworks.go.server.domain.DataSharingSettings]; using defaults.
2024-03-12 18:51:17,409 WARN  [WrapperJarAppMain] EhCacheProvider:93 - Could not find configuration [com.thoughtworks.go.domain.Plugin]; using defaults.
2024-03-12 18:51:17,413 WARN  [WrapperJarAppMain] EhCacheProvider:93 - Could not find configuration [com.thoughtworks.go.domain.EnvironmentVariable]; using defaults.
2024-03-12 18:51:17,430 WARN  [WrapperJarAppMain] EhCacheProvider:93 - Could not find configuration [com.thoughtworks.go.domain.User.notificationFilters]; using defaults.
2024-03-12 18:51:17,462 WARN  [WrapperJarAppMain] EhCacheProvider:93 - Could not find configuration [org.hibernate.cache.UpdateTimestampsCache]; using defaults.
2024-03-12 18:51:17,465 WARN  [WrapperJarAppMain] EhCacheProvider:93 - Could not find configuration [org.hibernate.cache.StandardQueryCache]; using defaults.
2024-03-12 18:51:19,411 WARN  [WrapperJarAppMain] FeatureToggleRepository:69 - Toggles file, /go-working-dir/config/go.feature.toggles does not exist. Saying there are no toggles.
2024-03-12 18:51:20,403 INFO  [Thread-78] DefaultPluginJarChangeListener:67 - Plugin load starting: /go-working-dir/plugins/bundled/gocd-ldap-authentication-plugin.jar
2024-03-12 18:51:20,449 INFO  [WrapperJarAppMain] GoConfigMigration:93 - Upgrading config file from version 136 to version 136
2024-03-12 18:51:20,471 INFO  [WrapperJarAppMain] GoConfigMigration:101 - Finished upgrading config file
2024-03-12 18:51:20,472 INFO  [WrapperJarAppMain] GoConfigMigrator:106 - [Config Save] Starting Config Save post upgrade using FullConfigSaveNormalFlow
2024-03-12 18:51:20,538 WARN  [Thread-78] PluginSettingsMetadataLoader:63 - Failed to fetch plugin settings metadata for plugin cd.go.authentication.ldap. Maybe the plugin does not implement plugin settings and view?
2024-03-12 18:51:20,539 WARN  [Thread-78] PluginSettingsMetadataLoader:64 - Plugin: cd.go.authentication.ldap - Metadata load info: [{extension='authorization', configuration='null', view='null', error='The plugin sent a response that could not be understood by Go. Plugin returned with code '500' and the following response: 'This is an invalid request type :go.plugin-settings.get-configuration''}]
2024-03-12 18:51:20,539 WARN  [Thread-78] PluginSettingsMetadataLoader:65 - Not all plugins are required to implement the request above. This error may be safe to ignore.
2024-03-12 18:51:20,539 INFO  [Thread-78] DefaultPluginJarChangeListener:74 - Plugin load finished: /go-working-dir/plugins/bundled/gocd-ldap-authentication-plugin.jar
2024-03-12 18:51:20,541 INFO  [Thread-78] DefaultPluginJarChangeListener:67 - Plugin load starting: /go-working-dir/plugins/bundled/gocd-yum-repository-poller-plugin.jar
2024-03-12 18:51:20,598 WARN  [Thread-78] PluginSettingsMetadataLoader:63 - Failed to fetch plugin settings metadata for plugin yum. Maybe the plugin does not implement plugin settings and view?
2024-03-12 18:51:20,598 WARN  [Thread-78] PluginSettingsMetadataLoader:64 - Plugin: yum - Metadata load info: [{extension='package-repository', configuration='null', view='null', error='The plugin sent a response that could not be understood by Go. Plugin returned with code '400' and the following response: 'Invalid request name go.plugin-settings.get-configuration''}]
2024-03-12 18:51:20,598 WARN  [Thread-78] PluginSettingsMetadataLoader:65 - Not all plugins are required to implement the request above. This error may be safe to ignore.
2024-03-12 18:51:20,616 ERROR [Thread-78] PluginInfoBuilder:54 - Failed to fetch Plugin Settings metadata for plugin yum. Maybe the plugin does not implement plugin settings and view?
2024-03-12 18:51:20,618 INFO  [Thread-78] DefaultPluginJarChangeListener:74 - Plugin load finished: /go-working-dir/plugins/bundled/gocd-yum-repository-poller-plugin.jar
2024-03-12 18:51:20,621 INFO  [Thread-78] DefaultPluginJarChangeListener:67 - Plugin load starting: /go-working-dir/plugins/bundled/gocd-json-config-plugin.jar
2024-03-12 18:51:20,651 INFO  [WrapperJarAppMain] CachedGoConfig:222 - About to notify config listeners
2024-03-12 18:51:20,651 INFO  [WrapperJarAppMain] CachedGoConfig:230 - Finished notifying all listeners
2024-03-12 18:51:20,722 INFO  [WrapperJarAppMain] BuildAssignmentService:238 - [Configuration Changed] Removing jobs for pipelines that no longer exist in configuration.
2024-03-12 18:51:20,742 INFO  [WrapperJarAppMain] InvalidateAuthenticationOnSecurityConfigChangeFilter:78 - [Configuration Changed] Security Configuration is changed. Updating the last changed time.
2024-03-12 18:51:20,753 INFO  [WrapperJarAppMain] PipelineRepository:78 - Start updating pipeline timeline
2024-03-12 18:51:20,770 INFO  [WrapperJarAppMain] PipelineRepository:84 - Pipeline timeline updated
2024-03-12 18:51:20,771 INFO  [WrapperJarAppMain] PipelineSqlMapDao:135 - Loading active pipelines into memory.
2024-03-12 18:51:20,771 INFO  [WrapperJarAppMain] PipelineSqlMapDao:402 - Retriving Active Pipelines from Database...
2024-03-12 18:51:20,783 INFO  [Thread-81] PipelineSqlMapDao:443 - Loading pipeline history to cache...Started
2024-03-12 18:51:20,783 INFO  [Thread-80] PipelineSqlMapDao:434 - Loading Active Pipelines to cache...Started
2024-03-12 18:51:20,783 INFO  [WrapperJarAppMain] MaterialRepository:234 - Loading PMRs,Remaining 1 Pipelines (Total: 1)...
2024-03-12 18:51:20,784 INFO  [Thread-80] PipelineSqlMapDao:437 - Loading Active Pipelines to cache...Done
2024-03-12 18:51:20,784 INFO  [Thread-81] PipelineSqlMapDao:447 - Loading pipeline history to cache...Done
2024-03-12 18:51:20,803 INFO  [WrapperJarAppMain] MaterialRepository:309 - Loading modifications, Remaining 1 PMRs(Total: 1)...
2024-03-12 18:51:20,812 INFO  [WrapperJarAppMain] PipelineSqlMapDao:137 - Done loading active pipelines into memory.
2024-03-12 18:51:20,842 INFO  [WrapperJarAppMain] ConsoleActivityMonitor:67 - Found '0' building jobs. Added them with '2024-03-12T18:51:20.813Z' as the last heard time
2024-03-12 18:51:20,854 INFO  [WrapperJarAppMain] RailsAssetsService:68 - Found rails assets manifest file named .sprockets-manifest-a6a76f03ec4cd8f2081b9b93ba428cec.json 
2024-03-12 18:51:20,859 INFO  [WrapperJarAppMain] RailsAssetsService:72 - Successfully read rails assets manifest file located at /go-working-dir/work/jetty-0_0_0_0-8153-cruise_war-_go-any-/webapp/WEB-INF/rails/public/assets/.sprockets-manifest-a6a76f03ec4cd8f2081b9b93ba428cec.json
2024-03-12 18:51:20,892 INFO  [Dashboard-Queue-Processor] H2EventListener:31 - Initializing database: jdbc:h2:/go-working-dir/db/h2db/cruise
2024-03-12 18:51:20,893 INFO  [Thread-78] DefaultPluginJarChangeListener:74 - Plugin load finished: /go-working-dir/plugins/bundled/gocd-json-config-plugin.jar
2024-03-12 18:51:20,898 INFO  [Thread-78] DefaultPluginJarChangeListener:67 - Plugin load starting: /go-working-dir/plugins/bundled/gocd-yaml-config-plugin.jar
2024-03-12 18:51:21,239 INFO  [Thread-78] DefaultPluginJarChangeListener:74 - Plugin load finished: /go-working-dir/plugins/bundled/gocd-yaml-config-plugin.jar
2024-03-12 18:51:21,242 INFO  [Thread-78] DefaultPluginJarChangeListener:67 - Plugin load starting: /go-working-dir/plugins/bundled/gocd-file-based-secrets-plugin.jar
2024-03-12 18:51:21,269 ERROR [Thread-78] DefaultPluginManager:136 - This is an invalid request type :go.plugin-settings.get-configuration
2024-03-12 18:51:21,269 WARN  [Thread-78] PluginSettingsMetadataLoader:63 - Failed to fetch plugin settings metadata for plugin cd.go.secrets.file-based-plugin. Maybe the plugin does not implement plugin settings and view?
2024-03-12 18:51:21,269 WARN  [Thread-78] PluginSettingsMetadataLoader:64 - Plugin: cd.go.secrets.file-based-plugin - Metadata load info: [{extension='secrets', configuration='null', view='null', error='com.thoughtworks.go.plugin.api.exceptions.UnhandledRequestTypeException: This is an invalid request type :go.plugin-settings.get-configuration'}]
2024-03-12 18:51:21,269 WARN  [Thread-78] PluginSettingsMetadataLoader:65 - Not all plugins are required to implement the request above. This error may be safe to ignore.
2024-03-12 18:51:21,289 INFO  [Thread-78] DefaultPluginJarChangeListener:74 - Plugin load finished: /go-working-dir/plugins/bundled/gocd-file-based-secrets-plugin.jar
2024-03-12 18:51:21,292 INFO  [Thread-78] DefaultPluginJarChangeListener:67 - Plugin load starting: /go-working-dir/plugins/bundled/gocd-filebased-authentication-plugin.jar
2024-03-12 18:51:21,343 WARN  [Thread-78] PluginSettingsMetadataLoader:63 - Failed to fetch plugin settings metadata for plugin cd.go.authentication.passwordfile. Maybe the plugin does not implement plugin settings and view?
2024-03-12 18:51:21,343 WARN  [Thread-78] PluginSettingsMetadataLoader:64 - Plugin: cd.go.authentication.passwordfile - Metadata load info: [{extension='authorization', configuration='null', view='null', error='The plugin sent a response that could not be understood by Go. Plugin returned with code '500' and the following response: 'Request go.plugin-settings.get-configuration is not supported by plugin.''}]
2024-03-12 18:51:21,343 WARN  [Thread-78] PluginSettingsMetadataLoader:65 - Not all plugins are required to implement the request above. This error may be safe to ignore.
2024-03-12 18:51:21,344 INFO  [Thread-78] DefaultPluginJarChangeListener:74 - Plugin load finished: /go-working-dir/plugins/bundled/gocd-filebased-authentication-plugin.jar
2024-03-12 18:51:28,270 WARN  [WrapperJarAppMain] DeprecationWarning:43 - Using @Deprecated Class com.thoughtworks.go.server.web.DefaultHeadersFilter
2024-03-12 18:51:33,824 INFO  [ThreadPoolTaskScheduler-10] GoFileConfigDataSource:137 - Config file changed at 1710269480635
2024-03-12 18:51:33,826 INFO  [ThreadPoolTaskScheduler-10] GoFileConfigDataSource:138 - Reloading config file: config/cruise-config.xml
2024-03-12 18:51:33,845 INFO  [ThreadPoolTaskScheduler-10] CachedGoConfig:222 - About to notify config listeners
2024-03-12 18:51:33,848 INFO  [ThreadPoolTaskScheduler-10] BuildAssignmentService:238 - [Configuration Changed] Removing jobs for pipelines that no longer exist in configuration.
2024-03-12 18:51:33,849 INFO  [ThreadPoolTaskScheduler-10] CachedGoConfig:230 - Finished notifying all listeners
2024-03-12 18:51:38,846 INFO  [111@MessageListener for ScheduleCheckListener] H2EventListener:31 - Initializing database: jdbc:h2:/go-working-dir/db/h2db/cruise
2024-03-12 18:52:14,865 INFO  [qtp1960840833-41] BuildRepositoryRemoteImpl:122 - [Agent Cookie] Agent [Agent [4491e00e777b, 172.29.0.2, 52767143-766f-4884-8519-3cb5718ed975]] at location [/go] asked for a new cookie, assigned [7aeae54a-46fd-4a50-a54f-e3bc4126f54f]
2024-03-12 18:52:15,317 WARN  [qtp1960840833-41] AgentService:230 - Agent with UUID [52767143-766f-4884-8519-3cb5718ed975] changed IP Address from [172.28.0.2] to [172.29.0.2]
